<?xml version="1.0" encoding="UTF-8"?>
<testng-results ignored="0" total="1" passed="1" failed="0" skipped="0">
  <reporter-output>
  </reporter-output>
  <suite started-at="2021-02-15T16:57:54 GMT" name="ZomatoAPITests" finished-at="2021-02-15T16:57:56 GMT" duration-ms="2637">
    <groups>
    </groups>
    <test started-at="2021-02-15T16:57:54 GMT" name="ZomatoAPITest" finished-at="2021-02-15T16:57:56 GMT" duration-ms="2637">
      <class name="zomatolibrary.TestGetLocations">
        <test-method is-config="true" signature="initTest()[pri:0, instance:zomatolibrary.TestGetLocations@62e136d3]" started-at="2021-02-15T16:57:54 GMT" name="initTest" finished-at="2021-02-15T16:57:54 GMT" duration-ms="36" status="PASS">
          <reporter-output>
          </reporter-output>
        </test-method> <!-- initTest -->
        <test-method signature="TestGetLocations()[pri:0, instance:zomatolibrary.TestGetLocations@62e136d3]" started-at="2021-02-15T16:57:54 GMT" name="TestGetLocations" finished-at="2021-02-15T16:57:56 GMT" duration-ms="2568" status="PASS">
          <reporter-output>
          </reporter-output>
        </test-method> <!-- TestGetLocations -->
      </class> <!-- zomatolibrary.TestGetLocations -->
    </test> <!-- ZomatoAPITest -->
  </suite> <!-- ZomatoAPITests -->
</testng-results>
