<?xml version="1.0" encoding="UTF-8"?>
<!-- Generated by org.testng.reporters.JUnitXMLReporter -->
<testsuite ignored="0" hostname="Daniels-MacBook-Pro.local" failures="0" tests="3" name="ExcelDataTests" time="5.978" errors="0" timestamp="2021-01-06T15:24:42 GMT">
  <testcase classname="tests.Assignment2" name="verifyMyntraProductAddToCart" time="0.009"/>
  <testcase classname="tests.Assignment2" name="verifyMyntraProductAddToCart" time="0.002"/>
  <testcase classname="tests.Assignment2" name="verifyMyntraProductAddToCart" time="0.001"/>
</testsuite> <!-- ExcelDataTests -->
