<?xml version="1.0" encoding="UTF-8"?>
<testng-results ignored="0" total="1" passed="1" failed="0" skipped="0">
  <reporter-output>
  </reporter-output>
  <suite started-at="2021-01-07T14:08:14 GMT" name="ReportTests" finished-at="2021-01-07T14:08:52 GMT" duration-ms="38166">
    <groups>
    </groups>
    <test started-at="2021-01-07T14:08:14 GMT" name="ReportTests" finished-at="2021-01-07T14:08:52 GMT" duration-ms="38166">
      <class name="tests.ExpediaFlightSearchTests">
        <test-method is-config="true" signature="initSuite(java.lang.String)[pri:0, instance:tests.ExpediaFlightSearchTests@5a955565]" started-at="2021-01-07T14:08:13 GMT" name="initSuite" finished-at="2021-01-07T14:08:14 GMT" duration-ms="285" status="PASS">
          <params>
            <param index="0">
              <value>
                <![CDATA[dev]]>
              </value>
            </param>
          </params>
          <reporter-output>
          </reporter-output>
        </test-method> <!-- initSuite -->
        <test-method is-config="true" signature="initDriver()[pri:0, instance:tests.ExpediaFlightSearchTests@5a955565]" started-at="2021-01-07T14:08:14 GMT" name="initDriver" finished-at="2021-01-07T14:08:17 GMT" duration-ms="3759" status="PASS">
          <reporter-output>
          </reporter-output>
        </test-method> <!-- initDriver -->
        <test-method is-config="true" signature="initTestReport(java.lang.reflect.Method)[pri:0, instance:tests.ExpediaFlightSearchTests@5a955565]" started-at="2021-01-07T14:08:18 GMT" name="initTestReport" finished-at="2021-01-07T14:08:18 GMT" duration-ms="4" status="PASS">
          <params>
            <param index="0">
              <value>
                <![CDATA[public void tests.ExpediaFlightSearchTests.Verify_One_Way_Search() throws java.lang.InterruptedException]]>
              </value>
            </param>
          </params>
          <reporter-output>
          </reporter-output>
        </test-method> <!-- initTestReport -->
        <test-method is-config="true" signature="launchApp()[pri:0, instance:tests.ExpediaFlightSearchTests@5a955565]" started-at="2021-01-07T14:08:18 GMT" name="launchApp" finished-at="2021-01-07T14:08:29 GMT" duration-ms="11358" status="PASS">
          <reporter-output>
          </reporter-output>
        </test-method> <!-- launchApp -->
        <test-method signature="Verify_One_Way_Search()[pri:0, instance:tests.ExpediaFlightSearchTests@5a955565]" started-at="2021-01-07T14:08:29 GMT" name="Verify_One_Way_Search" finished-at="2021-01-07T14:08:52 GMT" duration-ms="22670" status="PASS">
          <reporter-output>
          </reporter-output>
        </test-method> <!-- Verify_One_Way_Search -->
        <test-method is-config="true" signature="closeReport()[pri:0, instance:tests.ExpediaFlightSearchTests@5a955565]" started-at="2021-01-07T14:08:52 GMT" name="closeReport" finished-at="2021-01-07T14:08:52 GMT" duration-ms="4" status="PASS">
          <reporter-output>
          </reporter-output>
        </test-method> <!-- closeReport -->
        <test-method is-config="true" signature="cleanUp()[pri:0, instance:tests.ExpediaFlightSearchTests@5a955565]" started-at="2021-01-07T14:08:52 GMT" name="cleanUp" finished-at="2021-01-07T14:08:52 GMT" duration-ms="323" status="PASS">
          <reporter-output>
          </reporter-output>
        </test-method> <!-- cleanUp -->
        <test-method is-config="true" signature="clearReport()[pri:0, instance:tests.ExpediaFlightSearchTests@5a955565]" started-at="2021-01-07T14:08:52 GMT" name="clearReport" finished-at="2021-01-07T14:08:52 GMT" duration-ms="531" status="PASS">
          <reporter-output>
          </reporter-output>
        </test-method> <!-- clearReport -->
      </class> <!-- tests.ExpediaFlightSearchTests -->
    </test> <!-- ReportTests -->
  </suite> <!-- ReportTests -->
</testng-results>
